#
# A fatal error has been detected by the Java Runtime Environment:
#
#  EXCEPTION_ACCESS_VIOLATION (0xc0000005) at pc=0x00007ffe7e90ee9d, pid=6156, tid=0x00000000000032c8
#
# JRE version: Java(TM) SE Runtime Environment (8.0_121-b13) (build 1.8.0_121-b13)
# Java VM: Java HotSpot(TM) 64-Bit Server VM (25.121-b13 mixed mode windows-amd64 compressed oops)
# Problematic frame:
# C  [ntdll.dll+0x1ee9d]
#
# Failed to write core dump. Minidumps are not enabled by default on client versions of Windows
#
# If you would like to submit a bug report, please visit:
#   http://bugreport.java.com/bugreport/crash.jsp
# The crash happened outside the Java Virtual Machine in native code.
# See problematic frame for where to report the bug.
#

---------------  T H R E A D  ---------------

Current thread (0x0000000021ed4800):  JavaThread "IDL" [_thread_in_native, id=13000, stack(0x0000000023c00000,0x0000000023d00000)]

siginfo: ExceptionCode=0xc0000005, writing address 0xffffffffc3ee2750

Registers:
RAX=0x0000000000218000, RBX=0xffffffffc3ee2720, RCX=0xffffffffc3ee2748, RDX=0x0000000023cfcab0
RSP=0x0000000023cfc9a0, RBP=0x0000000023cfcb70, RSI=0x0000000000000000, RDI=0x0000000023cfcd50
R8 =0x0000000023cfcd8f, R9 =0x0000000000001618, R10=0x0000000051eb851f, R11=0x0000000023cfcea0
R12=0xffffffffc3ee2748, R13=0x0000000021a06f39, R14=0x0000000023cfcab0, R15=0x0000000000000001
RIP=0x00007ffe7e90ee9d, EFLAGS=0x0000000000010206

Top of Stack: (sp=0x0000000023cfc9a0)
0x0000000023cfc9a0:   0000000000000000 0000000023cfcd50
0x0000000023cfc9b0:   0000000000000000 0000000023cfcd50
0x0000000023cfc9c0:   0000000000000008 00007ffe7aef63c4
0x0000000023cfc9d0:   0000000800000008 0000000023cfce80
0x0000000023cfc9e0:   0000000023cfccb4 00007ffe7e901547
0x0000000023cfc9f0:   0000000000000000 0000000023cfcd50
0x0000000023cfca00:   0000000000000000 00000000c3ee2720
0x0000000023cfca10:   0000000000000000 00007ffe7af99e15
0x0000000023cfca20:   0000000023cfca50 ffffffffffffffff
0x0000000023cfca30:   0000000000000000 000000000000000e
0x0000000023cfca40:   0000000000000002 0000000020f2f870
0x0000000023cfca50:   0000000021a06f39 0000000000000000
0x0000000023cfca60:   0000000023cfcd50 00007ffe7aef6278
0x0000000023cfca70:   0000000000000001 0000000023cfe370
0x0000000023cfca80:   ffffffffc3ee2720 0000000000000000
0x0000000023cfca90:   d67afc8401d5fe1c 0000000001d36878 

Instructions: (pc=0x00007ffe7e90ee9d)
0x00007ffe7e90ee7d:   5e c3 f0 ff 43 38 eb c8 cc cc cc cc cc cc cc cc
0x00007ffe7e90ee8d:   cc cc cc 48 83 ec 28 65 48 8b 04 25 30 00 00 00
0x00007ffe7e90ee9d:   f0 0f ba 71 08 00 48 8b 40 48 73 12 48 89 41 10
0x00007ffe7e90eead:   33 c0 c7 41 0c 01 00 00 00 48 83 c4 28 c3 48 39 


Register to memory mapping:

RAX=0x0000000000218000 is an unknown value
RBX=0xffffffffc3ee2720 is an unknown value
RCX=0xffffffffc3ee2748 is an unknown value
RDX=0x0000000023cfcab0 is pointing into the stack for thread: 0x0000000021ed4800
RSP=0x0000000023cfc9a0 is pointing into the stack for thread: 0x0000000021ed4800
RBP=0x0000000023cfcb70 is pointing into the stack for thread: 0x0000000021ed4800
RSI=0x0000000000000000 is an unknown value
RDI=0x0000000023cfcd50 is pointing into the stack for thread: 0x0000000021ed4800
R8 =0x0000000023cfcd8f is pointing into the stack for thread: 0x0000000021ed4800
R9 =0x0000000000001618 is an unknown value
R10=0x0000000051eb851f is an unknown value
R11=0x0000000023cfcea0 is pointing into the stack for thread: 0x0000000021ed4800
R12=0xffffffffc3ee2748 is an unknown value
R13=0x0000000021a06f39 is an unknown value
R14=0x0000000023cfcab0 is pointing into the stack for thread: 0x0000000021ed4800
R15=0x0000000000000001 is an unknown value


Stack: [0x0000000023c00000,0x0000000023d00000],  sp=0x0000000023cfc9a0,  free space=1010k
Native frames: (J=compiled Java code, j=interpreted, Vv=VM code, C=native code)
C  [ntdll.dll+0x1ee9d]
C  [KERNELBASE.dll+0x463c4]
C  [KERNELBASE.dll+0x46278]
C  [MSVCR100.dll+0x24666]
C  [idl.dll+0x2c621]
C  [idl.dll+0x2c23d]
C  [idl.dll+0x1b6583]
C  [idl.dll+0x22ffd]
C  [idl_ips.dll+0xd856]
C  [idl_ips.dll+0xd18b]
C  [idl_ips.dll+0x155a6]
C  0x0000000002717f74

Java frames: (J=compiled Java code, j=interpreted, Vv=VM code)
j  com.rsi.idldt.core.ips.IPS_Access.IPS_Start([Ljava/lang/String;)V+0
j  com.rsi.idldt.core.ips.IPS_Manager$3.run()V+55
j  java.lang.Thread.run()V+11
v  ~StubRoutines::call_stub

---------------  P R O C E S S  ---------------

Java Threads: ( => current thread )
  0x0000000020f44800 JavaThread "Worker-236" [_thread_blocked, id=17300, stack(0x000000004bde0000,0x000000004bee0000)]
  0x0000000020f48000 JavaThread "Worker-235" [_thread_blocked, id=14300, stack(0x000000004aae0000,0x000000004abe0000)]
  0x0000000020f45000 JavaThread "HighTraffic" [_thread_blocked, id=11356, stack(0x0000000046e80000,0x0000000046f80000)]
  0x0000000020f4a800 JavaThread "Worker-234" [_thread_blocked, id=15544, stack(0x0000000045860000,0x0000000045960000)]
  0x0000000020f4d800 JavaThread "Worker-233" [_thread_blocked, id=1532, stack(0x0000000044f50000,0x0000000045050000)]
  0x0000000020f4c000 JavaThread "Worker-222" [_thread_blocked, id=16948, stack(0x0000000064a80000,0x0000000064b80000)]
  0x00000000205d2000 JavaThread "Timer-2" daemon [_thread_blocked, id=9620, stack(0x0000000031000000,0x0000000031100000)]
  0x00000000205d3800 JavaThread "Timer-1" daemon [_thread_blocked, id=5944, stack(0x0000000030f00000,0x0000000031000000)]
  0x00000000205d6000 JavaThread "Thread-10" [_thread_in_native, id=2524, stack(0x000000002d750000,0x000000002d850000)]
  0x00000000205d0800 JavaThread "IDLDT DOM Worker-3" [_thread_in_Java, id=11500, stack(0x00000000286a0000,0x00000000287a0000)]
  0x00000000205cc000 JavaThread "IDLDT DOM Worker-2" [_thread_in_Java, id=9164, stack(0x00000000285a0000,0x00000000286a0000)]
  0x00000000205cf000 JavaThread "IDLDT DOM Worker-1" [_thread_blocked, id=8428, stack(0x00000000284a0000,0x00000000285a0000)]
  0x00000000205cd800 JavaThread "IDLDT DOM Worker-0" [_thread_in_native, id=13500, stack(0x00000000276b0000,0x00000000277b0000)]
  0x0000000021ed2800 JavaThread "Timer-0" daemon [_thread_blocked, id=2828, stack(0x00000000275b0000,0x00000000276b0000)]
=>0x0000000021ed4800 JavaThread "IDL" [_thread_in_native, id=13000, stack(0x0000000023c00000,0x0000000023d00000)]
  0x0000000021ed1800 JavaThread "IDLToJava Broker" daemon [_thread_blocked, id=2356, stack(0x0000000023a30000,0x0000000023b30000)]
  0x0000000021ecf800 JavaThread "Provisioning Event Dispatcher" daemon [_thread_blocked, id=7260, stack(0x0000000023340000,0x0000000023440000)]
  0x0000000021ed3000 JavaThread "[ThreadPool Manager] - Idle Thread" daemon [_thread_blocked, id=872, stack(0x0000000023140000,0x0000000023240000)]
  0x0000000021ece800 JavaThread "Bundle File Closer" daemon [_thread_blocked, id=10604, stack(0x0000000023040000,0x0000000023140000)]
  0x0000000021703000 JavaThread "Worker-JM" [_thread_blocked, id=6232, stack(0x0000000022f40000,0x0000000023040000)]
  0x000000001efa8800 JavaThread "[Timer] - Main Queue Handler" daemon [_thread_blocked, id=11700, stack(0x000000001f5f0000,0x000000001f6f0000)]
  0x000000001eb62000 JavaThread "Framework Event Dispatcher" daemon [_thread_blocked, id=13656, stack(0x000000001f3f0000,0x000000001f4f0000)]
  0x000000001e977000 JavaThread "Start Level Event Dispatcher" daemon [_thread_blocked, id=14312, stack(0x000000001f2f0000,0x000000001f3f0000)]
  0x000000001e940800 JavaThread "State Data Manager" daemon [_thread_blocked, id=13520, stack(0x000000001f1f0000,0x000000001f2f0000)]
  0x000000001ecef000 JavaThread "Framework Active Thread" [_thread_blocked, id=604, stack(0x000000001f0f0000,0x000000001f1f0000)]
  0x000000001bdbe800 JavaThread "Service Thread" daemon [_thread_blocked, id=9868, stack(0x000000001dab0000,0x000000001dbb0000)]
  0x000000001bd68800 JavaThread "C1 CompilerThread2" daemon [_thread_blocked, id=11704, stack(0x000000001d5b0000,0x000000001d6b0000)]
  0x000000001bd61800 JavaThread "C2 CompilerThread1" daemon [_thread_blocked, id=14528, stack(0x000000001d4b0000,0x000000001d5b0000)]
  0x000000001bd5c800 JavaThread "C2 CompilerThread0" daemon [_thread_blocked, id=14792, stack(0x000000001d3b0000,0x000000001d4b0000)]
  0x000000001bd5b000 JavaThread "Attach Listener" daemon [_thread_blocked, id=8720, stack(0x000000001d2b0000,0x000000001d3b0000)]
  0x000000001bd59800 JavaThread "Signal Dispatcher" daemon [_thread_blocked, id=4048, stack(0x000000001d1b0000,0x000000001d2b0000)]
  0x000000001bd4a800 JavaThread "Finalizer" daemon [_thread_blocked, id=13904, stack(0x000000001cfc0000,0x000000001d0c0000)]
  0x00000000026f0800 JavaThread "Reference Handler" daemon [_thread_blocked, id=4528, stack(0x000000001cec0000,0x000000001cfc0000)]
  0x0000000002601000 JavaThread "main" [_thread_in_native, id=4540, stack(0x0000000000050000,0x0000000000150000)]

Other Threads:
  0x000000001bd27000 VMThread [stack: 0x000000001cdc0000,0x000000001cec0000] [id=6464]
  0x000000001d70c000 WatcherThread [stack: 0x000000001dbb0000,0x000000001dcb0000] [id=13456]

VM state:not at safepoint (normal execution)

VM Mutex/Monitor currently owned by a thread: None

Heap:
 PSYoungGen      total 439808K, used 104465K [0x000000076b180000, 0x0000000786980000, 0x00000007c0000000)
  eden space 429056K, 24% used [0x000000076b180000,0x00000007717847a0,0x0000000785480000)
  from space 10752K, 0% used [0x0000000785480000,0x0000000785480000,0x0000000785f00000)
  to   space 10752K, 0% used [0x0000000785f00000,0x0000000785f00000,0x0000000786980000)
 ParOldGen       total 180736K, used 69200K [0x00000006c1400000, 0x00000006cc480000, 0x000000076b180000)
  object space 180736K, 38% used [0x00000006c1400000,0x00000006c57942d0,0x00000006cc480000)
 Metaspace       used 51830K, capacity 54672K, committed 54912K, reserved 1097728K
  class space    used 5776K, capacity 6663K, committed 6784K, reserved 1048576K

Card table byte_map: [0x0000000011ac0000,0x00000000122c0000] byte_map_base: 0x000000000e4b6000

Marking Bits: (ParMarkBitMap*) 0x000000006593b6d0
 Begin Bits: [0x0000000012c10000, 0x0000000016bc0000)
 End Bits:   [0x0000000016bc0000, 0x000000001ab70000)

Polling page: 0x0000000000550000

CodeCache: size=245760Kb used=40685Kb max_used=40711Kb free=205074Kb
 bounds [0x0000000002700000, 0x0000000004f30000, 0x0000000011700000]
 total_blobs=10944 nmethods=10212 adapters=638
 compilation: enabled

Compilation events (10 events):
Event: 166482.489 Thread 0x000000001bd68800 14278  s    1       org.eclipse.core.internal.jobs.InternalJob::getNextJobNumber (10 bytes)
Event: 166482.489 Thread 0x000000001bd68800 nmethod 14278 0x0000000003d06e90 code [0x0000000003d06fe0, 0x0000000003d07250]
Event: 166482.546 Thread 0x000000001bd68800 14279       3       org.eclipse.debug.ui.DebugUITools::newDebugModelPresentation (8 bytes)
Event: 166482.546 Thread 0x000000001bd68800 nmethod 14279 0x000000000461a450 code [0x000000000461a5c0, 0x000000000461a788]
Event: 166482.991 Thread 0x000000001bd68800 14280       3       org.eclipse.debug.internal.ui.sourcelookup.SourceLookupFacility::resetInstructionPointer (10 bytes)
Event: 166482.992 Thread 0x000000001bd68800 nmethod 14280 0x0000000004bcc210 code [0x0000000004bcc360, 0x0000000004bcc4d0]
Event: 166482.993 Thread 0x000000001bd68800 14281       3       org.eclipse.debug.internal.ui.DelegatingModelPresentation::dispose (40 bytes)
Event: 166482.994 Thread 0x000000001bd68800 nmethod 14281 0x0000000004ddd9d0 code [0x0000000004dddba0, 0x0000000004dde2e8]
Event: 166482.995 Thread 0x000000001bd68800 14282       3       org.eclipse.debug.internal.ui.LazyModelPresentation::dispose (22 bytes)
Event: 166482.996 Thread 0x000000001bd68800 nmethod 14282 0x0000000004ddd4d0 code [0x0000000004ddd640, 0x0000000004ddd8f8]

GC Heap History (10 events):
Event: 166334.042 GC heap before
{Heap before GC invocations=1591 (full 768):
 PSYoungGen      total 429568K, used 279K [0x000000076b180000, 0x0000000786a80000, 0x00000007c0000000)
  eden space 429056K, 0% used [0x000000076b180000,0x000000076b180000,0x0000000785480000)
  from space 512K, 54% used [0x0000000785480000,0x00000007854c5c50,0x0000000785500000)
  to   space 11264K, 0% used [0x0000000785f80000,0x0000000785f80000,0x0000000786a80000)
 ParOldGen       total 180736K, used 71943K [0x00000006c1400000, 0x00000006cc480000, 0x000000076b180000)
  object space 180736K, 39% used [0x00000006c1400000,0x00000006c5a41e40,0x00000006cc480000)
 Metaspace       used 51822K, capacity 54672K, committed 54912K, reserved 1097728K
  class space    used 5776K, capacity 6663K, committed 6784K, reserved 1048576K
Event: 166334.213 GC heap after
Heap after GC invocations=1591 (full 768):
 PSYoungGen      total 429568K, used 0K [0x000000076b180000, 0x0000000786a80000, 0x00000007c0000000)
  eden space 429056K, 0% used [0x000000076b180000,0x000000076b180000,0x0000000785480000)
  from space 512K, 0% used [0x0000000785480000,0x0000000785480000,0x0000000785500000)
  to   space 11264K, 0% used [0x0000000785f80000,0x0000000785f80000,0x0000000786a80000)
 ParOldGen       total 180736K, used 71422K [0x00000006c1400000, 0x00000006cc480000, 0x000000076b180000)
  object space 180736K, 39% used [0x00000006c1400000,0x00000006c59bf950,0x00000006cc480000)
 Metaspace       used 51822K, capacity 54672K, committed 54912K, reserved 1097728K
  class space    used 5776K, capacity 6663K, committed 6784K, reserved 1048576K
}
Event: 166394.037 GC heap before
{Heap before GC invocations=1592 (full 768):
 PSYoungGen      total 429568K, used 48157K [0x000000076b180000, 0x0000000786a80000, 0x00000007c0000000)
  eden space 429056K, 11% used [0x000000076b180000,0x000000076e087570,0x0000000785480000)
  from space 512K, 0% used [0x0000000785480000,0x0000000785480000,0x0000000785500000)
  to   space 11264K, 0% used [0x0000000785f80000,0x0000000785f80000,0x0000000786a80000)
 ParOldGen       total 180736K, used 71422K [0x00000006c1400000, 0x00000006cc480000, 0x000000076b180000)
  object space 180736K, 39% used [0x00000006c1400000,0x00000006c59bf950,0x00000006cc480000)
 Metaspace       used 51822K, capacity 54672K, committed 54912K, reserved 1097728K
  class space    used 5776K, capacity 6663K, committed 6784K, reserved 1048576K
Event: 166394.042 GC heap after
Heap after GC invocations=1592 (full 768):
 PSYoungGen      total 439296K, used 547K [0x000000076b180000, 0x0000000786980000, 0x00000007c0000000)
  eden space 429056K, 0% used [0x000000076b180000,0x000000076b180000,0x0000000785480000)
  from space 10240K, 5% used [0x0000000785f80000,0x0000000786008c78,0x0000000786980000)
  to   space 10752K, 0% used [0x0000000785480000,0x0000000785480000,0x0000000785f00000)
 ParOldGen       total 180736K, used 71422K [0x00000006c1400000, 0x00000006cc480000, 0x000000076b180000)
  object space 180736K, 39% used [0x00000006c1400000,0x00000006c59bf950,0x00000006cc480000)
 Metaspace       used 51822K, capacity 54672K, committed 54912K, reserved 1097728K
  class space    used 5776K, capacity 6663K, committed 6784K, reserved 1048576K
}
Event: 166394.042 GC heap before
{Heap before GC invocations=1593 (full 769):
 PSYoungGen      total 439296K, used 547K [0x000000076b180000, 0x0000000786980000, 0x00000007c0000000)
  eden space 429056K, 0% used [0x000000076b180000,0x000000076b180000,0x0000000785480000)
  from space 10240K, 5% used [0x0000000785f80000,0x0000000786008c78,0x0000000786980000)
  to   space 10752K, 0% used [0x0000000785480000,0x0000000785480000,0x0000000785f00000)
 ParOldGen       total 180736K, used 71422K [0x00000006c1400000, 0x00000006cc480000, 0x000000076b180000)
  object space 180736K, 39% used [0x00000006c1400000,0x00000006c59bf950,0x00000006cc480000)
 Metaspace       used 51822K, capacity 54672K, committed 54912K, reserved 1097728K
  class space    used 5776K, capacity 6663K, committed 6784K, reserved 1048576K
Event: 166394.260 GC heap after
Heap after GC invocations=1593 (full 769):
 PSYoungGen      total 439296K, used 0K [0x000000076b180000, 0x0000000786980000, 0x00000007c0000000)
  eden space 429056K, 0% used [0x000000076b180000,0x000000076b180000,0x0000000785480000)
  from space 10240K, 0% used [0x0000000785f80000,0x0000000785f80000,0x0000000786980000)
  to   space 10752K, 0% used [0x0000000785480000,0x0000000785480000,0x0000000785f00000)
 ParOldGen       total 180736K, used 71519K [0x00000006c1400000, 0x00000006cc480000, 0x000000076b180000)
  object space 180736K, 39% used [0x00000006c1400000,0x00000006c59d7c98,0x00000006cc480000)
 Metaspace       used 51822K, capacity 54672K, committed 54912K, reserved 1097728K
  class space    used 5776K, capacity 6663K, committed 6784K, reserved 1048576K
}
Event: 166454.039 GC heap before
{Heap before GC invocations=1594 (full 769):
 PSYoungGen      total 439296K, used 186881K [0x000000076b180000, 0x0000000786980000, 0x00000007c0000000)
  eden space 429056K, 43% used [0x000000076b180000,0x0000000776800500,0x0000000785480000)
  from space 10240K, 0% used [0x0000000785f80000,0x0000000785f80000,0x0000000786980000)
  to   space 10752K, 0% used [0x0000000785480000,0x0000000785480000,0x0000000785f00000)
 ParOldGen       total 180736K, used 71519K [0x00000006c1400000, 0x00000006cc480000, 0x000000076b180000)
  object space 180736K, 39% used [0x00000006c1400000,0x00000006c59d7c98,0x00000006cc480000)
 Metaspace       used 51829K, capacity 54672K, committed 54912K, reserved 1097728K
  class space    used 5776K, capacity 6663K, committed 6784K, reserved 1048576K
Event: 166454.053 GC heap after
Heap after GC invocations=1594 (full 769):
 PSYoungGen      total 439808K, used 4503K [0x000000076b180000, 0x0000000786980000, 0x00000007c0000000)
  eden space 429056K, 0% used [0x000000076b180000,0x000000076b180000,0x0000000785480000)
  from space 10752K, 41% used [0x0000000785480000,0x00000007858e5e08,0x0000000785f00000)
  to   space 10752K, 0% used [0x0000000785f00000,0x0000000785f00000,0x0000000786980000)
 ParOldGen       total 180736K, used 71519K [0x00000006c1400000, 0x00000006cc480000, 0x000000076b180000)
  object space 180736K, 39% used [0x00000006c1400000,0x00000006c59d7c98,0x00000006cc480000)
 Metaspace       used 51829K, capacity 54672K, committed 54912K, reserved 1097728K
  class space    used 5776K, capacity 6663K, committed 6784K, reserved 1048576K
}
Event: 166454.053 GC heap before
{Heap before GC invocations=1595 (full 770):
 PSYoungGen      total 439808K, used 4503K [0x000000076b180000, 0x0000000786980000, 0x00000007c0000000)
  eden space 429056K, 0% used [0x000000076b180000,0x000000076b180000,0x0000000785480000)
  from space 10752K, 41% used [0x0000000785480000,0x00000007858e5e08,0x0000000785f00000)
  to   space 10752K, 0% used [0x0000000785f00000,0x0000000785f00000,0x0000000786980000)
 ParOldGen       total 180736K, used 71519K [0x00000006c1400000, 0x00000006cc480000, 0x000000076b180000)
  object space 180736K, 39% used [0x00000006c1400000,0x00000006c59d7c98,0x00000006cc480000)
 Metaspace       used 51829K, capacity 54672K, committed 54912K, reserved 1097728K
  class space    used 5776K, capacity 6663K, committed 6784K, reserved 1048576K
Event: 166454.194 GC heap after
Heap after GC invocations=1595 (full 770):
 PSYoungGen      total 439808K, used 0K [0x000000076b180000, 0x0000000786980000, 0x00000007c0000000)
  eden space 429056K, 0% used [0x000000076b180000,0x000000076b180000,0x0000000785480000)
  from space 10752K, 0% used [0x0000000785480000,0x0000000785480000,0x0000000785f00000)
  to   space 10752K, 0% used [0x0000000785f00000,0x0000000785f00000,0x0000000786980000)
 ParOldGen       total 180736K, used 69200K [0x00000006c1400000, 0x00000006cc480000, 0x000000076b180000)
  object space 180736K, 38% used [0x00000006c1400000,0x00000006c57942d0,0x00000006cc480000)
 Metaspace       used 51829K, capacity 54672K, committed 54912K, reserved 1097728K
  class space    used 5776K, capacity 6663K, committed 6784K, reserved 1048576K
}

Deoptimization events (10 events):
Event: 166060.693 Thread 0x0000000002601000 Uncommon trap: reason=bimorphic action=maybe_recompile pc=0x0000000004b93b68 method=org.eclipse.jface.text.TextViewer.canPerformFind()Z @ 17
Event: 166060.693 Thread 0x0000000002601000 Uncommon trap: reason=bimorphic action=maybe_recompile pc=0x0000000004b93b68 method=org.eclipse.jface.text.TextViewer.canPerformFind()Z @ 17
Event: 166060.693 Thread 0x0000000002601000 Uncommon trap: reason=bimorphic action=maybe_recompile pc=0x00000000041dc82c method=org.eclipse.jface.text.TextViewer.canPerformFind()Z @ 17
Event: 166060.693 Thread 0x0000000002601000 Uncommon trap: reason=bimorphic action=maybe_recompile pc=0x0000000003f4c41c method=org.eclipse.jface.text.TextViewer.canPerformFind()Z @ 17
Event: 166416.596 Thread 0x0000000002601000 Uncommon trap: reason=unstable_if action=reinterpret pc=0x00000000035e06bc method=org.eclipse.swt.custom.StyledText.handleKeyDown(Lorg/eclipse/swt/widgets/Event;)V @ 108
Event: 166416.596 Thread 0x0000000002601000 Uncommon trap: reason=unstable_if action=reinterpret pc=0x0000000003d8d810 method=org.eclipse.jface.text.hyperlink.HyperlinkManager.keyPressed(Lorg/eclipse/swt/events/KeyEvent;)V @ 4
Event: 166435.692 Thread 0x0000000002601000 Uncommon trap: reason=bimorphic action=maybe_recompile pc=0x0000000003826e28 method=org.eclipse.jface.text.TextViewer.canPerformFind()Z @ 17
Event: 166435.692 Thread 0x0000000002601000 Uncommon trap: reason=bimorphic action=maybe_recompile pc=0x0000000004b93b68 method=org.eclipse.jface.text.TextViewer.canPerformFind()Z @ 17
Event: 166435.692 Thread 0x0000000002601000 Uncommon trap: reason=bimorphic action=maybe_recompile pc=0x00000000041ba794 method=org.eclipse.jface.text.TextViewer.canPerformFind()Z @ 17
Event: 166439.264 Thread 0x0000000002601000 Uncommon trap: reason=bimorphic action=maybe_recompile pc=0x00000000046dea74 method=org.eclipse.jface.text.TextViewer.canPerformFind()Z @ 17

Internal exceptions (10 events):
Event: 166046.476 Thread 0x0000000020f45000 Exception <a 'java/lang/InterruptedException': sleep interrupted> (0x000000076b625a48) thrown at [C:\re\workspace\8-2-build-windows-amd64-cygwin\jdk8u121\8372\hotspot\src\share\vm\prims\jvm.cpp, line 3228]
Event: 166046.484 Thread 0x0000000020f45000 Exception <a 'java/lang/InterruptedException': sleep interrupted> (0x000000076b625cc8) thrown at [C:\re\workspace\8-2-build-windows-amd64-cygwin\jdk8u121\8372\hotspot\src\share\vm\prims\jvm.cpp, line 3228]
Event: 166046.492 Thread 0x0000000020f45000 Exception <a 'java/lang/InterruptedException': sleep interrupted> (0x000000076b625f48) thrown at [C:\re\workspace\8-2-build-windows-amd64-cygwin\jdk8u121\8372\hotspot\src\share\vm\prims\jvm.cpp, line 3228]
Event: 166046.500 Thread 0x0000000020f45000 Exception <a 'java/lang/InterruptedException': sleep interrupted> (0x000000076b6261c8) thrown at [C:\re\workspace\8-2-build-windows-amd64-cygwin\jdk8u121\8372\hotspot\src\share\vm\prims\jvm.cpp, line 3228]
Event: 166046.508 Thread 0x0000000020f45000 Exception <a 'java/lang/InterruptedException': sleep interrupted> (0x000000076b626448) thrown at [C:\re\workspace\8-2-build-windows-amd64-cygwin\jdk8u121\8372\hotspot\src\share\vm\prims\jvm.cpp, line 3228]
Event: 166046.515 Thread 0x0000000020f45000 Exception <a 'java/lang/InterruptedException': sleep interrupted> (0x000000076b6266c8) thrown at [C:\re\workspace\8-2-build-windows-amd64-cygwin\jdk8u121\8372\hotspot\src\share\vm\prims\jvm.cpp, line 3228]
Event: 166060.632 Thread 0x0000000002601000 Implicit null exception at 0x00000000039a9410 to 0x00000000039a9ce5
Event: 166060.632 Thread 0x0000000002601000 Implicit null exception at 0x0000000002bacb68 to 0x0000000002bad1f5
Event: 166280.828 Thread 0x0000000020f46800 Exception <a 'java/lang/InterruptedException'> (0x000000076b8c44f8) thrown at [C:\re\workspace\8-2-build-windows-amd64-cygwin\jdk8u121\8372\hotspot\src\share\vm\runtime\objectMonitor.cpp, line 1684]
Event: 166481.436 Thread 0x0000000020f46800 Exception <a 'java/lang/InterruptedException'> (0x000000076b834f98) thrown at [C:\re\workspace\8-2-build-windows-amd64-cygwin\jdk8u121\8372\hotspot\src\share\vm\runtime\objectMonitor.cpp, line 1684]

Events (10 events):
Event: 166482.751 Executing VM operation: RevokeBias
Event: 166482.751 Executing VM operation: RevokeBias done
Event: 166484.143 Thread 0x0000000020f46800 Thread added: 0x0000000020f46800
Event: 166484.336 Thread 0x0000000020f46800 DEOPT PACKING pc=0x0000000004ebb338 sp=0x000000004d8df4b0
Event: 166484.336 Thread 0x0000000020f46800 DEOPT UNPACKING pc=0x000000000274787f sp=0x000000004d8df318 mode 0
Event: 166484.623 Executing VM operation: RevokeBias
Event: 166484.630 Executing VM operation: RevokeBias done
Event: 166484.630 Thread 0x0000000020f46800 Thread exited: 0x0000000020f46800
Event: 166484.654 Executing VM operation: RevokeBias
Event: 166484.654 Executing VM operation: RevokeBias done


Dynamic libraries:
0x0000000000400000 - 0x000000000040e000 	C:\Program Files\Harris\IDL87\bin\bin.x86_64\idlde.exe
0x00007ffe7e8f0000 - 0x00007ffe7ead1000 	C:\WINDOWS\SYSTEM32\ntdll.dll
0x00007ffe7e220000 - 0x00007ffe7e2d1000 	C:\WINDOWS\System32\KERNEL32.DLL
0x00007ffe7aeb0000 - 0x00007ffe7b123000 	C:\WINDOWS\System32\KERNELBASE.dll
0x00007ffe7bd90000 - 0x00007ffe7bf20000 	C:\WINDOWS\System32\USER32.dll
0x00007ffe7ba80000 - 0x00007ffe7baa0000 	C:\WINDOWS\System32\win32u.dll
0x00007ffe7c030000 - 0x00007ffe7c058000 	C:\WINDOWS\System32\GDI32.dll
0x00007ffe7baa0000 - 0x00007ffe7bc31000 	C:\WINDOWS\System32\gdi32full.dll
0x00007ffe7acb0000 - 0x00007ffe7ad4f000 	C:\WINDOWS\System32\msvcp_win.dll
0x00007ffe7adb0000 - 0x00007ffe7aea8000 	C:\WINDOWS\System32\ucrtbase.dll
0x00007ffe7bf90000 - 0x00007ffe7c02e000 	C:\WINDOWS\System32\msvcrt.dll
0x00007ffe6b530000 - 0x00007ffe6b799000 	C:\WINDOWS\WinSxS\amd64_microsoft.windows.common-controls_6595b64144ccf1df_6.0.17134.1365_none_d401d10f7c8e8b9b\COMCTL32.dll
0x00007ffe7c8c0000 - 0x00007ffe7cbe1000 	C:\WINDOWS\System32\combase.dll
0x00007ffe7c240000 - 0x00007ffe7c364000 	C:\WINDOWS\System32\RPCRT4.dll
0x00007ffe7bc40000 - 0x00007ffe7bcb9000 	C:\WINDOWS\System32\bcryptPrimitives.dll
0x00007ffe7e500000 - 0x00007ffe7e52d000 	C:\WINDOWS\System32\IMM32.DLL
0x0000000072000000 - 0x0000000072012000 	C:\Program Files\Harris\IDL87\bin\bin.x86_64\plugins\org.eclipse.equinox.launcher.win32.win32.x86_64_1.1.100.v20110502\eclipse_1406.dll
0x00007ffe7c190000 - 0x00007ffe7c231000 	C:\WINDOWS\System32\ADVAPI32.dll
0x00007ffe7e1c0000 - 0x00007ffe7e21b000 	C:\WINDOWS\System32\sechost.dll
0x00007ffe76ab0000 - 0x00007ffe76aba000 	C:\WINDOWS\SYSTEM32\VERSION.dll
0x0000000065120000 - 0x00000000659bb000 	C:\Program Files\Harris\IDL87\bin\bin.x86_64\jre\bin\server\jvm.dll
0x00007ffe7e7a0000 - 0x00007ffe7e7a8000 	C:\WINDOWS\System32\PSAPI.DLL
0x00007ffe71870000 - 0x00007ffe71893000 	C:\WINDOWS\SYSTEM32\WINMM.dll
0x00000000649a0000 - 0x0000000064a72000 	C:\WINDOWS\SYSTEM32\MSVCR100.dll
0x00007ffe74820000 - 0x00007ffe74829000 	C:\WINDOWS\SYSTEM32\WSOCK32.dll
0x00007ffe717e0000 - 0x00007ffe7180a000 	C:\WINDOWS\SYSTEM32\WINMMBASE.dll
0x00007ffe7ba30000 - 0x00007ffe7ba79000 	C:\WINDOWS\System32\cfgmgr32.dll
0x00000000004e0000 - 0x000000000054c000 	C:\WINDOWS\System32\ws2_32.DLL
0x0000000065110000 - 0x000000006511f000 	C:\Program Files\Harris\IDL87\bin\bin.x86_64\jre\bin\verify.dll
0x00000000650e0000 - 0x0000000065109000 	C:\Program Files\Harris\IDL87\bin\bin.x86_64\jre\bin\java.dll
0x00000000650c0000 - 0x00000000650d6000 	C:\Program Files\Harris\IDL87\bin\bin.x86_64\jre\bin\zip.dll
0x00007ffe7cd70000 - 0x00007ffe7e1b5000 	C:\WINDOWS\System32\SHELL32.dll
0x00007ffe7e810000 - 0x00007ffe7e8b9000 	C:\WINDOWS\System32\shcore.dll
0x00007ffe7b320000 - 0x00007ffe7ba30000 	C:\WINDOWS\System32\windows.storage.dll
0x00007ffe7e7b0000 - 0x00007ffe7e801000 	C:\WINDOWS\System32\shlwapi.dll
0x00007ffe7abf0000 - 0x00007ffe7ac01000 	C:\WINDOWS\System32\kernel.appcore.dll
0x00007ffe7ac60000 - 0x00007ffe7ac7f000 	C:\WINDOWS\System32\profapi.dll
0x00007ffe7ac10000 - 0x00007ffe7ac5c000 	C:\WINDOWS\System32\powrprof.dll
0x00007ffe7ac80000 - 0x00007ffe7ac8a000 	C:\WINDOWS\System32\FLTLIB.DLL
0x00007ffe7a630000 - 0x00007ffe7a647000 	C:\WINDOWS\SYSTEM32\CRYPTSP.dll
0x00007ffe79fc0000 - 0x00007ffe79ff3000 	C:\WINDOWS\system32\rsaenh.dll
0x00007ffe7a750000 - 0x00007ffe7a775000 	C:\WINDOWS\SYSTEM32\bcrypt.dll
0x00007ffe7aaf0000 - 0x00007ffe7ab18000 	C:\WINDOWS\SYSTEM32\USERENV.dll
0x00007ffe7a620000 - 0x00007ffe7a62b000 	C:\WINDOWS\SYSTEM32\CRYPTBASE.dll
0x00000000650a0000 - 0x00000000650ba000 	C:\Program Files\Harris\IDL87\bin\bin.x86_64\jre\bin\net.dll
0x00007ffe7a470000 - 0x00007ffe7a4d6000 	C:\WINDOWS\system32\mswsock.dll
0x00007ffe7a1c0000 - 0x00007ffe7a1f8000 	C:\WINDOWS\SYSTEM32\IPHLPAPI.DLL
0x00007ffe7e530000 - 0x00007ffe7e538000 	C:\WINDOWS\System32\NSI.dll
0x00007ffe750c0000 - 0x00007ffe750d6000 	C:\WINDOWS\SYSTEM32\dhcpcsvc6.DLL
0x00007ffe74fe0000 - 0x00007ffe74ffa000 	C:\WINDOWS\SYSTEM32\dhcpcsvc.DLL
0x0000000065080000 - 0x0000000065091000 	C:\Program Files\Harris\IDL87\bin\bin.x86_64\jre\bin\nio.dll
0x00007ffe79250000 - 0x00007ffe792e8000 	C:\WINDOWS\system32\uxtheme.dll
0x00007ffe7cbf0000 - 0x00007ffe7cd63000 	C:\WINDOWS\System32\MSCTF.dll
0x00007ffe7c060000 - 0x00007ffe7c122000 	C:\WINDOWS\System32\OLEAUT32.dll
0x00007ffe62c60000 - 0x00007ffe62cf6000 	C:\WINDOWS\System32\TextInputFramework.dll
0x00007ffe62770000 - 0x00007ffe62a8e000 	C:\WINDOWS\System32\CoreUIComponents.dll
0x00007ffe78d20000 - 0x00007ffe78dfa000 	C:\WINDOWS\System32\CoreMessaging.dll
0x00007ffe79c80000 - 0x00007ffe79cb1000 	C:\WINDOWS\SYSTEM32\ntmarta.dll
0x00007ffe750e0000 - 0x00007ffe7522d000 	C:\WINDOWS\SYSTEM32\wintypes.dll
0x00007ffe79330000 - 0x00007ffe79359000 	C:\WINDOWS\system32\dwmapi.dll
0x00007ffe68240000 - 0x00007ffe68256000 	C:\WINDOWS\system32\napinsp.dll
0x00007ffe68220000 - 0x00007ffe6823a000 	C:\WINDOWS\system32\pnrpnsp.dll
0x00007ffe76040000 - 0x00007ffe76059000 	C:\WINDOWS\system32\NLAapi.dll
0x00007ffe7a200000 - 0x00007ffe7a2be000 	C:\WINDOWS\SYSTEM32\DNSAPI.dll
0x00007ffe68210000 - 0x00007ffe6821e000 	C:\WINDOWS\System32\winrnr.dll
0x00007ffe730a0000 - 0x00007ffe730aa000 	C:\Windows\System32\rasadhlp.dll
0x00007ffe73c80000 - 0x00007ffe73cf2000 	C:\WINDOWS\System32\fwpuclnt.dll
0x000000001f4f0000 - 0x000000001f597000 	C:\Users\srimo\.idl\idlworkbench-config-idl2.0.0_x86_64\org.eclipse.osgi\bundles\530\1\.cp\swt-win32-3740.dll
0x00007ffe7e5a0000 - 0x00007ffe7e6f1000 	C:\WINDOWS\System32\ole32.dll
0x00007ffe7c7d0000 - 0x00007ffe7c8bd000 	C:\WINDOWS\System32\comdlg32.dll
0x00007ffe7b130000 - 0x00007ffe7b312000 	C:\WINDOWS\System32\CRYPT32.dll
0x00007ffe75d70000 - 0x00007ffe75df5000 	C:\WINDOWS\SYSTEM32\WINSPOOL.DRV
0x00007ffe7ac90000 - 0x00007ffe7aca2000 	C:\WINDOWS\System32\MSASN1.dll
0x00007ffe44ff0000 - 0x00007ffe45009000 	C:\WINDOWS\SYSTEM32\USP10.dll
0x00007ffe5bb90000 - 0x00007ffe5c04c000 	C:\WINDOWS\SYSTEM32\WININET.dll
0x00007ffe76df0000 - 0x00007ffe76fa5000 	C:\WINDOWS\SYSTEM32\PROPSYS.dll
0x00007ffe7e700000 - 0x00007ffe7e7a0000 	C:\WINDOWS\System32\clbcatq.dll
0x000000001f5a0000 - 0x000000001f5be000 	C:\Users\srimo\.idl\idlworkbench-config-idl2.0.0_x86_64\org.eclipse.osgi\bundles\530\1\.cp\swt-gdip-win32-3740.dll
0x00007ffe646c0000 - 0x00007ffe6485b000 	C:\WINDOWS\WinSxS\amd64_microsoft.windows.gdiplus_6595b64144ccf1df_1.1.17134.1365_none_04ecc3f4d7210569\gdiplus.dll
0x00007ffe62e20000 - 0x00007ffe62fce000 	C:\WINDOWS\SYSTEM32\WindowsCodecs.dll
0x0000000180000000 - 0x0000000180011000 	C:\Users\srimo\.idl\idlworkbench-config-idl2.0.0_x86_64\org.eclipse.osgi\bundles\182\1\.cp\os\win32\x86_64\localfile_1_0_0.dll
0x00007ffe5a220000 - 0x00007ffe5a26a000 	C:\Program Files\Harris\IDL87\bin\bin.x86_64\idl_ips.dll
0x00007ffe363d0000 - 0x00007ffe36cc5000 	C:\Program Files\Harris\IDL87\bin\bin.x86_64\idl.dll
0x00007ffe568d0000 - 0x00007ffe56954000 	C:\Program Files\Harris\IDL87\bin\bin.x86_64\cll.dll
0x00007ffe63300000 - 0x00007ffe63323000 	C:\Program Files\Harris\IDL87\bin\bin.x86_64\UG3220.dll
0x00007ffe58ab0000 - 0x00007ffe58b0c000 	C:\Program Files\Harris\IDL87\bin\bin.x86_64\MesaGLU6_2.dll
0x00007ffe4a340000 - 0x00007ffe4a4ce000 	C:\Program Files\Harris\IDL87\bin\bin.x86_64\MesaGL6_2.dll
0x0000000064fe0000 - 0x0000000065078000 	C:\WINDOWS\SYSTEM32\MSVCP100.dll
0x00007ffe747f0000 - 0x00007ffe747fc000 	C:\Program Files\Harris\IDL87\bin\bin.x86_64\osmesa6_2.dll
0x00007ffe50d90000 - 0x00007ffe50e0c000 	C:\Program Files\Harris\IDL87\bin\bin.x86_64\freetype2_4_7.dll
0x00007ffe74910000 - 0x00007ffe74917000 	C:\WINDOWS\SYSTEM32\MSIMG32.dll
0x00007ffe7ad50000 - 0x00007ffe7ada7000 	C:\WINDOWS\System32\WINTRUST.dll
0x00007ffe7bd70000 - 0x00007ffe7bd8d000 	C:\WINDOWS\System32\imagehlp.dll
0x00007ffe798d0000 - 0x00007ffe798f2000 	C:\WINDOWS\SYSTEM32\gpapi.dll
0x00007ffe64b00000 - 0x00007ffe64b2e000 	C:\Windows\System32\cryptnet.dll
0x00007ffe755d0000 - 0x00007ffe755db000 	C:\WINDOWS\SYSTEM32\WINNSI.DLL
0x00007ffe77180000 - 0x00007ffe7725d000 	C:\WINDOWS\SYSTEM32\WINHTTP.dll
0x00007ffe70300000 - 0x00007ffe70394000 	C:\WINDOWS\SYSTEM32\webio.dll
0x00007ffe7ab20000 - 0x00007ffe7ab50000 	C:\WINDOWS\SYSTEM32\SspiCli.dll
0x00007ffe68120000 - 0x00007ffe6818b000 	C:\WINDOWS\SYSTEM32\oleacc.dll
0x00007ffe579d0000 - 0x00007ffe57e66000 	C:\WINDOWS\system32\explorerframe.dll
0x00007ffe64270000 - 0x00007ffe642c8000 	C:\WINDOWS\system32\dataexchange.dll
0x00007ffe77dd0000 - 0x00007ffe780db000 	C:\WINDOWS\system32\d3d11.dll
0x00007ffe79950000 - 0x00007ffe79a0b000 	C:\WINDOWS\system32\dxgi.dll
0x00007ffe786b0000 - 0x00007ffe7884c000 	C:\WINDOWS\system32\dcomp.dll
0x00007ffe79410000 - 0x00007ffe795c8000 	C:\WINDOWS\system32\twinapi.appcore.dll
0x00007ffe79360000 - 0x00007ffe79381000 	C:\WINDOWS\system32\RMCLIENT.dll
0x00007ffe53b90000 - 0x00007ffe53bcf000 	C:\WINDOWS\system32\mlang.dll
0x00007ffe35ae0000 - 0x00007ffe363c6000 	C:\Program Files\Harris\IDL87\bin\bin.x86_64\FlxCore64.dll
0x00007ffe798c0000 - 0x00007ffe798cc000 	C:\WINDOWS\SYSTEM32\HID.DLL
0x00007ffe7c370000 - 0x00007ffe7c7bb000 	C:\WINDOWS\System32\SETUPAPI.DLL
0x00007ffe7aa00000 - 0x00007ffe7aa27000 	C:\WINDOWS\SYSTEM32\DEVOBJ.dll
0x00007ffe68620000 - 0x00007ffe68631000 	C:\Users\srimo\.idl\idlworkbench-config-idl2.0.0_x86_64\org.eclipse.osgi\bundles\207\1\.cp\jWinHttp-1.0.0.dll
0x00007ffe4f530000 - 0x00007ffe4f650000 	C:\WINDOWS\SYSTEM32\OpenGL32.DLL
0x00007ffe5ccd0000 - 0x00007ffe5ccfc000 	C:\WINDOWS\SYSTEM32\GLU32.dll
0x00007ffe5ca70000 - 0x00007ffe5caad000 	C:\Program Files\Harris\IDL87\bin\bin.x86_64\gl_driver.dll
0x00007ffe65210000 - 0x00007ffe65225000 	C:\Program Files\Harris\IDL87\bin\bin.x86_64\idl_url.dll
0x00007ffe49e30000 - 0x00007ffe4a045000 	C:\Program Files\Harris\IDL87\bin\bin.x86_64\libcurl.dll
0x00007ffe7e540000 - 0x00007ffe7e59f000 	C:\WINDOWS\System32\WLDAP32.dll
0x00007ffe660f0000 - 0x00007ffe66134000 	C:\WINDOWS\SYSTEM32\edputil.dll
0x0000000062100000 - 0x0000000064851000 	C:\WINDOWS\System32\DriverStore\FileRepository\nv_dispi.inf_amd64_db678424d2641c3d\nvoglv64.dll
0x00007ffe77760000 - 0x00007ffe77773000 	C:\WINDOWS\SYSTEM32\WTSAPI32.dll
0x00007ffe7a060000 - 0x00007ffe7a0b6000 	C:\WINDOWS\SYSTEM32\WINSTA.dll
0x00007ffe31570000 - 0x00007ffe3171b000 	C:\WINDOWS\system32\DUI70.dll
0x00007ffe3ccb0000 - 0x00007ffe3cd43000 	C:\WINDOWS\system32\DUser.dll
0x00007ffe59af0000 - 0x00007ffe59b4c000 	C:\Windows\System32\thumbcache.dll
0x00007ffe75c50000 - 0x00007ffe75cd5000 	C:\WINDOWS\SYSTEM32\policymanager.dll
0x00007ffe76d10000 - 0x00007ffe76da1000 	C:\WINDOWS\SYSTEM32\msvcp110_win.dll

VM Arguments:
jvm_args: -Dosgi.instance.area.default=@user.home/IDLWorkspace -Dosgi.configuration.area=@user.home/.idl/idlworkbench-config-idl2.0.0_x86_64 -Dosgi.configuration.cascaded=true -Dosgi.checkConfiguration=true -Dosgi.sharedConfiguration.area.readOnly=true -Dorg.eclipse.update.reconcile=false -Declipse.p2.data.area=@config.dir/p2 
java_command: <unknown>
java_class_path (initial): C:\Program Files\Harris\IDL87\bin\bin.x86_64\\plugins/org.eclipse.equinox.launcher_1.2.0.v20110502.jar
Launcher Type: generic

Environment Variables:
PATH=C:/Program Files/Harris/IDL87/bin/bin.x86_64/jre/bin/server;C:/Program Files/Harris/IDL87/bin/bin.x86_64/jre/bin;C:/Program Files/Harris/IDL87/bin/bin.x86_64/jre/lib/amd64;C:\Program Files\Harris\IDL87\bin\bin.x86_64\;C:\Program Files\ImageMagick-7.0.8-Q16;C:\WINDOWS\system32;C:\WINDOWS;C:\WINDOWS\System32\Wbem;C:\WINDOWS\System32\WindowsPowerShell\v1.0\;C:\WINDOWS\System32\OpenSSH\;C:\Users\srimo\AppData\Local\Microsoft\WindowsApps;;C:\Program Files\Harris\IDL87\bin\bin.x86_64;
USERNAME=srimo
OS=Windows_NT
PROCESSOR_IDENTIFIER=Intel64 Family 6 Model 60 Stepping 3, GenuineIntel



---------------  S Y S T E M  ---------------

OS: Windows 10.0 , 64 bit Build 17134 (10.0.17134.753)

CPU:total 4 (2 cores per cpu, 2 threads per core) family 6 model 60 stepping 3, cmov, cx8, fxsr, mmx, sse, sse2, sse3, ssse3, sse4.1, sse4.2, popcnt, avx, avx2, aes, clmul, erms, lzcnt, ht, tsc, tscinvbit, bmi1, bmi2

Memory: 4k page, physical 16694568k(10707552k free), swap 22741120k(12270372k free)

vm_info: Java HotSpot(TM) 64-Bit Server VM (25.121-b13) for windows-amd64 JRE (1.8.0_121-b13), built on Dec 12 2016 18:21:36 by "java_re" with MS VC++ 10.0 (VS2010)

time: Thu Mar 19 15:48:40 2020
elapsed time: 166485 seconds (1d 22h 14m 45s)

